2017-12-09 09:55:57,751 [Worker-1] INFO  c.g.t.t.d.PublishedGradleVersions - Gradle version information cache is out-of-date. Trying to update.
2017-12-09 09:56:53,533 [Worker-4] INFO  o.e.m.c.i.embedder.EclipseLogger - Using 'UTF-8' encoding to copy filtered resources.
2017-12-09 09:56:53,538 [Worker-4] INFO  o.e.m.c.i.embedder.EclipseLogger - Copying 1 resource
2017-12-09 09:56:53,563 [Worker-4] INFO  o.e.m.c.i.embedder.EclipseLogger - Copying 5 resources
2017-12-09 09:56:53,640 [Worker-4] INFO  o.e.m.c.i.embedder.EclipseLogger - Using 'UTF-8' encoding to copy filtered resources.
2017-12-09 09:56:53,640 [Worker-4] INFO  o.e.m.c.i.embedder.EclipseLogger - skip non existing resourceDirectory C:\Users\rober\Documents\GitHub\Phillies-Flowers\Front-End\PhilliesFlowersFront\src\test\resources
2017-12-09 09:57:36,708 [Worker-12] INFO  o.e.m.c.i.p.ProjectConfigurationManager - Update started
2017-12-09 09:57:42,182 [Worker-12] INFO  o.e.m.c.i.l.LifecycleMappingFactory - Using org.eclipse.m2e.jdt.JarLifecycleMapping lifecycle mapping for MavenProject: com.phillies:PhilliesFlowersFront:0.0.1-SNAPSHOT @ C:\Users\rober\Documents\GitHub\Phillies-Flowers\Front-End\PhilliesFlowersFront\pom.xml.
2017-12-09 09:57:49,533 [Worker-12] INFO  o.e.m.j.i.AbstractJavaProjectConfigurator - Adding source folder /PhilliesFlowersFront/src/main/java
2017-12-09 09:57:49,533 [Worker-12] INFO  o.e.m.j.i.AbstractJavaProjectConfigurator - Adding resource folder /PhilliesFlowersFront/src/main/resources
2017-12-09 09:57:49,534 [Worker-12] INFO  o.e.m.j.i.AbstractJavaProjectConfigurator - Adding resource folder /PhilliesFlowersFront/src/main/resources
2017-12-09 09:57:49,534 [Worker-12] INFO  o.e.m.j.i.AbstractJavaProjectConfigurator - Adding source folder /PhilliesFlowersFront/src/test/java
2017-12-09 09:57:50,458 [Worker-12] INFO  o.e.m.c.i.p.ProjectConfigurationManager - Update completed: 13 sec
2017-12-09 09:57:57,710 [Worker-18] INFO  o.e.m.c.i.embedder.EclipseLogger - Using 'UTF-8' encoding to copy filtered resources.
2017-12-09 09:57:57,710 [Worker-18] INFO  o.e.m.c.i.embedder.EclipseLogger - Copying 1 resource
2017-12-09 09:57:57,723 [Worker-18] INFO  o.e.m.c.i.embedder.EclipseLogger - Copying 5 resources
2017-12-09 09:57:57,800 [Worker-18] INFO  o.e.m.c.i.embedder.EclipseLogger - Using 'UTF-8' encoding to copy filtered resources.
2017-12-09 09:57:57,800 [Worker-18] INFO  o.e.m.c.i.embedder.EclipseLogger - skip non existing resourceDirectory C:\Users\rober\Documents\GitHub\Phillies-Flowers\Front-End\PhilliesFlowersFront\src\test\resources
2017-12-09 10:08:49,018 [Worker-23] INFO  o.e.m.c.i.embedder.EclipseLogger - Using 'UTF-8' encoding to copy filtered resources.
2017-12-09 10:08:49,275 [Worker-23] INFO  o.e.m.c.i.embedder.EclipseLogger - Copying 1 resource
2017-12-09 10:08:49,391 [Worker-23] INFO  o.e.m.c.i.embedder.EclipseLogger - Copying 5 resources
2017-12-09 10:08:49,446 [Worker-23] INFO  o.e.m.c.i.embedder.EclipseLogger - Using 'UTF-8' encoding to copy filtered resources.
2017-12-09 10:08:49,454 [Worker-23] INFO  o.e.m.c.i.embedder.EclipseLogger - skip non existing resourceDirectory C:\Users\rober\Documents\GitHub\Phillies-Flowers\Front-End\PhilliesFlowersFront\src\test\resources
2017-12-09 10:11:51,380 [Worker-12] INFO  o.e.m.c.i.embedder.EclipseLogger - Using 'UTF-8' encoding to copy filtered resources.
2017-12-09 10:11:51,386 [Worker-12] INFO  o.e.m.c.i.embedder.EclipseLogger - Copying 1 resource
2017-12-09 10:11:51,397 [Worker-12] INFO  o.e.m.c.i.embedder.EclipseLogger - Copying 5 resources
2017-12-09 10:11:51,411 [Worker-12] INFO  o.e.m.c.i.embedder.EclipseLogger - Using 'UTF-8' encoding to copy filtered resources.
2017-12-09 10:11:51,411 [Worker-12] INFO  o.e.m.c.i.embedder.EclipseLogger - skip non existing resourceDirectory C:\Users\rober\Documents\GitHub\Phillies-Flowers\Front-End\PhilliesFlowersFront\src\test\resources
2017-12-09 10:14:49,246 [Worker-25] INFO  o.e.m.c.i.embedder.EclipseLogger - Using 'UTF-8' encoding to copy filtered resources.
2017-12-09 10:14:49,356 [Worker-25] INFO  o.e.m.c.i.embedder.EclipseLogger - Copying 0 resource
2017-12-09 10:14:49,416 [Worker-25] INFO  o.e.m.c.i.embedder.EclipseLogger - Copying 1 resource
2017-12-09 10:14:49,418 [Worker-25] INFO  o.e.m.c.i.embedder.EclipseLogger - Using 'UTF-8' encoding to copy filtered resources.
2017-12-09 10:14:49,423 [Worker-25] INFO  o.e.m.c.i.embedder.EclipseLogger - skip non existing resourceDirectory C:\Users\rober\Documents\GitHub\Phillies-Flowers\Front-End\PhilliesFlowersFront\src\test\resources
2017-12-09 10:14:55,102 [Worker-28] INFO  o.e.m.c.i.embedder.EclipseLogger - Using 'UTF-8' encoding to copy filtered resources.
2017-12-09 10:14:55,107 [Worker-28] INFO  o.e.m.c.i.embedder.EclipseLogger - Copying 0 resource
2017-12-09 10:14:55,112 [Worker-28] INFO  o.e.m.c.i.embedder.EclipseLogger - Copying 1 resource
2017-12-09 10:14:55,122 [Worker-28] INFO  o.e.m.c.i.embedder.EclipseLogger - Using 'UTF-8' encoding to copy filtered resources.
2017-12-09 10:14:55,122 [Worker-28] INFO  o.e.m.c.i.embedder.EclipseLogger - skip non existing resourceDirectory C:\Users\rober\Documents\GitHub\Phillies-Flowers\Front-End\PhilliesFlowersFront\src\test\resources
2017-12-09 10:16:14,262 [Worker-25] INFO  o.e.m.c.i.embedder.EclipseLogger - Using 'UTF-8' encoding to copy filtered resources.
2017-12-09 10:16:14,263 [Worker-25] INFO  o.e.m.c.i.embedder.EclipseLogger - Copying 0 resource
2017-12-09 10:16:14,270 [Worker-25] INFO  o.e.m.c.i.embedder.EclipseLogger - Copying 1 resource
2017-12-09 10:16:14,283 [Worker-25] INFO  o.e.m.c.i.embedder.EclipseLogger - Using 'UTF-8' encoding to copy filtered resources.
2017-12-09 10:16:14,290 [Worker-25] INFO  o.e.m.c.i.embedder.EclipseLogger - skip non existing resourceDirectory C:\Users\rober\Documents\GitHub\Phillies-Flowers\Front-End\PhilliesFlowersFront\src\test\resources
2017-12-09 10:16:54,711 [Worker-27] INFO  o.e.m.c.i.embedder.EclipseLogger - Using 'UTF-8' encoding to copy filtered resources.
2017-12-09 10:16:54,715 [Worker-27] INFO  o.e.m.c.i.embedder.EclipseLogger - Copying 0 resource
2017-12-09 10:16:54,719 [Worker-27] INFO  o.e.m.c.i.embedder.EclipseLogger - Copying 1 resource
2017-12-09 10:16:54,728 [Worker-27] INFO  o.e.m.c.i.embedder.EclipseLogger - Using 'UTF-8' encoding to copy filtered resources.
2017-12-09 10:16:54,729 [Worker-27] INFO  o.e.m.c.i.embedder.EclipseLogger - skip non existing resourceDirectory C:\Users\rober\Documents\GitHub\Phillies-Flowers\Front-End\PhilliesFlowersFront\src\test\resources
2017-12-09 10:17:56,182 [Worker-22] INFO  o.e.m.c.i.embedder.EclipseLogger - Using 'UTF-8' encoding to copy filtered resources.
2017-12-09 10:17:56,183 [Worker-22] INFO  o.e.m.c.i.embedder.EclipseLogger - Copying 0 resource
2017-12-09 10:17:56,183 [Worker-22] INFO  o.e.m.c.i.embedder.EclipseLogger - Copying 1 resource
2017-12-09 10:17:56,234 [Worker-22] INFO  o.e.m.c.i.embedder.EclipseLogger - Using 'UTF-8' encoding to copy filtered resources.
2017-12-09 10:17:56,234 [Worker-22] INFO  o.e.m.c.i.embedder.EclipseLogger - skip non existing resourceDirectory C:\Users\rober\Documents\GitHub\Phillies-Flowers\Front-End\PhilliesFlowersFront\src\test\resources
2017-12-09 10:18:33,402 [Worker-17] INFO  o.e.m.c.i.embedder.EclipseLogger - Using 'UTF-8' encoding to copy filtered resources.
2017-12-09 10:18:33,403 [Worker-17] INFO  o.e.m.c.i.embedder.EclipseLogger - Copying 1 resource
2017-12-09 10:18:33,408 [Worker-17] INFO  o.e.m.c.i.embedder.EclipseLogger - Copying 5 resources
2017-12-09 10:18:33,415 [Worker-17] INFO  o.e.m.c.i.embedder.EclipseLogger - Using 'UTF-8' encoding to copy filtered resources.
2017-12-09 10:18:33,415 [Worker-17] INFO  o.e.m.c.i.embedder.EclipseLogger - skip non existing resourceDirectory C:\Users\rober\Documents\GitHub\Phillies-Flowers\Front-End\PhilliesFlowersFront\src\test\resources
2017-12-09 10:18:55,121 [Worker-27] INFO  o.e.m.c.i.embedder.EclipseLogger - Using 'UTF-8' encoding to copy filtered resources.
2017-12-09 10:18:55,149 [Worker-27] INFO  o.e.m.c.i.embedder.EclipseLogger - Copying 1 resource
2017-12-09 10:18:55,156 [Worker-27] INFO  o.e.m.c.i.embedder.EclipseLogger - Copying 5 resources
2017-12-09 10:18:55,164 [Worker-27] INFO  o.e.m.c.i.embedder.EclipseLogger - Using 'UTF-8' encoding to copy filtered resources.
2017-12-09 10:18:55,169 [Worker-27] INFO  o.e.m.c.i.embedder.EclipseLogger - skip non existing resourceDirectory C:\Users\rober\Documents\GitHub\Phillies-Flowers\Front-End\PhilliesFlowersFront\src\test\resources
2017-12-09 10:24:38,058 [Worker-31] INFO  o.e.m.c.i.embedder.EclipseLogger - Using 'UTF-8' encoding to copy filtered resources.
2017-12-09 10:24:38,090 [Worker-31] INFO  o.e.m.c.i.embedder.EclipseLogger - Copying 1 resource
2017-12-09 10:24:38,100 [Worker-31] INFO  o.e.m.c.i.embedder.EclipseLogger - Copying 5 resources
2017-12-09 10:24:38,120 [Worker-31] INFO  o.e.m.c.i.embedder.EclipseLogger - Using 'UTF-8' encoding to copy filtered resources.
2017-12-09 10:24:38,120 [Worker-31] INFO  o.e.m.c.i.embedder.EclipseLogger - skip non existing resourceDirectory C:\Users\rober\Documents\GitHub\Phillies-Flowers\Front-End\PhilliesFlowersFront\src\test\resources
2017-12-09 10:27:09,861 [Worker-32] INFO  o.e.m.c.i.embedder.EclipseLogger - Using 'UTF-8' encoding to copy filtered resources.
2017-12-09 10:27:09,965 [Worker-32] INFO  o.e.m.c.i.embedder.EclipseLogger - Copying 1 resource
2017-12-09 10:27:09,969 [Worker-32] INFO  o.e.m.c.i.embedder.EclipseLogger - Copying 5 resources
2017-12-09 10:27:09,971 [Worker-32] INFO  o.e.m.c.i.embedder.EclipseLogger - Using 'UTF-8' encoding to copy filtered resources.
2017-12-09 10:27:09,975 [Worker-32] INFO  o.e.m.c.i.embedder.EclipseLogger - skip non existing resourceDirectory C:\Users\rober\Documents\GitHub\Phillies-Flowers\Front-End\PhilliesFlowersFront\src\test\resources
2017-12-09 10:33:59,135 [Worker-12] INFO  o.e.m.c.i.embedder.EclipseLogger - Using 'UTF-8' encoding to copy filtered resources.
2017-12-09 10:33:59,135 [Worker-12] INFO  o.e.m.c.i.embedder.EclipseLogger - Copying 1 resource
2017-12-09 10:33:59,144 [Worker-12] INFO  o.e.m.c.i.embedder.EclipseLogger - Copying 5 resources
2017-12-09 10:33:59,167 [Worker-12] INFO  o.e.m.c.i.embedder.EclipseLogger - Using 'UTF-8' encoding to copy filtered resources.
2017-12-09 10:33:59,167 [Worker-12] INFO  o.e.m.c.i.embedder.EclipseLogger - skip non existing resourceDirectory C:\Users\rober\Documents\GitHub\Phillies-Flowers\Front-End\PhilliesFlowersFront\src\test\resources
2017-12-09 10:35:44,379 [Worker-37] INFO  o.e.m.c.i.embedder.EclipseLogger - Using 'UTF-8' encoding to copy filtered resources.
2017-12-09 10:35:44,380 [Worker-37] INFO  o.e.m.c.i.embedder.EclipseLogger - Copying 1 resource
2017-12-09 10:35:44,390 [Worker-37] INFO  o.e.m.c.i.embedder.EclipseLogger - Copying 5 resources
2017-12-09 10:35:44,401 [Worker-37] INFO  o.e.m.c.i.embedder.EclipseLogger - Using 'UTF-8' encoding to copy filtered resources.
2017-12-09 10:35:44,407 [Worker-37] INFO  o.e.m.c.i.embedder.EclipseLogger - skip non existing resourceDirectory C:\Users\rober\Documents\GitHub\Phillies-Flowers\Front-End\PhilliesFlowersFront\src\test\resources
2017-12-09 10:35:53,703 [Worker-38] INFO  o.e.m.c.i.embedder.EclipseLogger - Using 'UTF-8' encoding to copy filtered resources.
2017-12-09 10:35:53,727 [Worker-38] INFO  o.e.m.c.i.embedder.EclipseLogger - Copying 1 resource
2017-12-09 10:35:53,814 [Worker-38] INFO  o.e.m.c.i.embedder.EclipseLogger - Copying 5 resources
2017-12-09 10:35:53,845 [Worker-38] INFO  o.e.m.c.i.embedder.EclipseLogger - Using 'UTF-8' encoding to copy filtered resources.
2017-12-09 10:35:53,845 [Worker-38] INFO  o.e.m.c.i.embedder.EclipseLogger - skip non existing resourceDirectory C:\Users\rober\Documents\GitHub\Phillies-Flowers\Front-End\PhilliesFlowersFront\src\test\resources
2017-12-09 10:36:59,557 [Worker-12] INFO  o.e.m.c.i.embedder.EclipseLogger - Using 'UTF-8' encoding to copy filtered resources.
2017-12-09 10:36:59,577 [Worker-12] INFO  o.e.m.c.i.embedder.EclipseLogger - Copying 1 resource
2017-12-09 10:36:59,582 [Worker-12] INFO  o.e.m.c.i.embedder.EclipseLogger - Copying 5 resources
2017-12-09 10:36:59,620 [Worker-12] INFO  o.e.m.c.i.embedder.EclipseLogger - Using 'UTF-8' encoding to copy filtered resources.
2017-12-09 10:36:59,620 [Worker-12] INFO  o.e.m.c.i.embedder.EclipseLogger - skip non existing resourceDirectory C:\Users\rober\Documents\GitHub\Phillies-Flowers\Front-End\PhilliesFlowersFront\src\test\resources
2017-12-09 10:37:50,292 [Worker-34] INFO  o.e.m.c.i.embedder.EclipseLogger - Using 'UTF-8' encoding to copy filtered resources.
2017-12-09 10:37:50,293 [Worker-34] INFO  o.e.m.c.i.embedder.EclipseLogger - Copying 1 resource
2017-12-09 10:37:50,297 [Worker-34] INFO  o.e.m.c.i.embedder.EclipseLogger - Copying 5 resources
2017-12-09 10:37:50,306 [Worker-34] INFO  o.e.m.c.i.embedder.EclipseLogger - Using 'UTF-8' encoding to copy filtered resources.
2017-12-09 10:37:50,307 [Worker-34] INFO  o.e.m.c.i.embedder.EclipseLogger - skip non existing resourceDirectory C:\Users\rober\Documents\GitHub\Phillies-Flowers\Front-End\PhilliesFlowersFront\src\test\resources
2017-12-09 10:38:22,939 [Worker-34] INFO  o.e.m.c.i.embedder.EclipseLogger - Using 'UTF-8' encoding to copy filtered resources.
2017-12-09 10:38:22,940 [Worker-34] INFO  o.e.m.c.i.embedder.EclipseLogger - Copying 1 resource
2017-12-09 10:38:22,953 [Worker-34] INFO  o.e.m.c.i.embedder.EclipseLogger - Copying 5 resources
2017-12-09 10:38:22,968 [Worker-34] INFO  o.e.m.c.i.embedder.EclipseLogger - Using 'UTF-8' encoding to copy filtered resources.
2017-12-09 10:38:22,973 [Worker-34] INFO  o.e.m.c.i.embedder.EclipseLogger - skip non existing resourceDirectory C:\Users\rober\Documents\GitHub\Phillies-Flowers\Front-End\PhilliesFlowersFront\src\test\resources
2017-12-09 10:39:36,129 [Worker-12] INFO  o.e.m.c.i.embedder.EclipseLogger - Using 'UTF-8' encoding to copy filtered resources.
2017-12-09 10:39:36,145 [Worker-12] INFO  o.e.m.c.i.embedder.EclipseLogger - Copying 1 resource
2017-12-09 10:39:36,157 [Worker-12] INFO  o.e.m.c.i.embedder.EclipseLogger - Copying 5 resources
2017-12-09 10:39:36,174 [Worker-12] INFO  o.e.m.c.i.embedder.EclipseLogger - Using 'UTF-8' encoding to copy filtered resources.
2017-12-09 10:39:36,174 [Worker-12] INFO  o.e.m.c.i.embedder.EclipseLogger - skip non existing resourceDirectory C:\Users\rober\Documents\GitHub\Phillies-Flowers\Front-End\PhilliesFlowersFront\src\test\resources
2017-12-09 10:39:58,070 [Worker-36] INFO  o.e.m.c.i.embedder.EclipseLogger - Using 'UTF-8' encoding to copy filtered resources.
2017-12-09 10:39:58,071 [Worker-36] INFO  o.e.m.c.i.embedder.EclipseLogger - Copying 1 resource
2017-12-09 10:39:58,200 [Worker-36] INFO  o.e.m.c.i.embedder.EclipseLogger - Copying 5 resources
2017-12-09 10:39:58,203 [Worker-36] INFO  o.e.m.c.i.embedder.EclipseLogger - Using 'UTF-8' encoding to copy filtered resources.
2017-12-09 10:39:58,224 [Worker-36] INFO  o.e.m.c.i.embedder.EclipseLogger - skip non existing resourceDirectory C:\Users\rober\Documents\GitHub\Phillies-Flowers\Front-End\PhilliesFlowersFront\src\test\resources
2017-12-09 10:40:04,758 [Worker-12] INFO  o.e.m.c.i.embedder.EclipseLogger - Using 'UTF-8' encoding to copy filtered resources.
2017-12-09 10:40:04,763 [Worker-12] INFO  o.e.m.c.i.embedder.EclipseLogger - Copying 1 resource
2017-12-09 10:40:04,771 [Worker-12] INFO  o.e.m.c.i.embedder.EclipseLogger - Copying 5 resources
2017-12-09 10:40:04,777 [Worker-12] INFO  o.e.m.c.i.embedder.EclipseLogger - Using 'UTF-8' encoding to copy filtered resources.
2017-12-09 10:40:04,778 [Worker-12] INFO  o.e.m.c.i.embedder.EclipseLogger - skip non existing resourceDirectory C:\Users\rober\Documents\GitHub\Phillies-Flowers\Front-End\PhilliesFlowersFront\src\test\resources
2017-12-09 10:42:28,067 [Worker-36] INFO  o.e.m.c.i.embedder.EclipseLogger - Using 'UTF-8' encoding to copy filtered resources.
2017-12-09 10:42:28,067 [Worker-36] INFO  o.e.m.c.i.embedder.EclipseLogger - Copying 0 resource
2017-12-09 10:42:28,075 [Worker-36] INFO  o.e.m.c.i.embedder.EclipseLogger - Copying 1 resource
2017-12-09 10:42:28,084 [Worker-36] INFO  o.e.m.c.i.embedder.EclipseLogger - Using 'UTF-8' encoding to copy filtered resources.
2017-12-09 10:42:28,089 [Worker-36] INFO  o.e.m.c.i.embedder.EclipseLogger - skip non existing resourceDirectory C:\Users\rober\Documents\GitHub\Phillies-Flowers\Front-End\PhilliesFlowersFront\src\test\resources
2017-12-09 10:43:32,648 [Worker-38] INFO  o.e.m.c.i.embedder.EclipseLogger - Using 'UTF-8' encoding to copy filtered resources.
2017-12-09 10:43:32,652 [Worker-38] INFO  o.e.m.c.i.embedder.EclipseLogger - Copying 0 resource
2017-12-09 10:43:32,657 [Worker-38] INFO  o.e.m.c.i.embedder.EclipseLogger - Copying 1 resource
2017-12-09 10:43:32,666 [Worker-38] INFO  o.e.m.c.i.embedder.EclipseLogger - Using 'UTF-8' encoding to copy filtered resources.
2017-12-09 10:43:32,667 [Worker-38] INFO  o.e.m.c.i.embedder.EclipseLogger - skip non existing resourceDirectory C:\Users\rober\Documents\GitHub\Phillies-Flowers\Front-End\PhilliesFlowersFront\src\test\resources
2017-12-09 10:44:04,882 [Worker-38] INFO  o.e.m.c.i.embedder.EclipseLogger - Using 'UTF-8' encoding to copy filtered resources.
2017-12-09 10:44:04,892 [Worker-38] INFO  o.e.m.c.i.embedder.EclipseLogger - Copying 0 resource
2017-12-09 10:44:04,892 [Worker-38] INFO  o.e.m.c.i.embedder.EclipseLogger - Copying 1 resource
2017-12-09 10:44:04,897 [Worker-38] INFO  o.e.m.c.i.embedder.EclipseLogger - Using 'UTF-8' encoding to copy filtered resources.
2017-12-09 10:44:04,897 [Worker-38] INFO  o.e.m.c.i.embedder.EclipseLogger - skip non existing resourceDirectory C:\Users\rober\Documents\GitHub\Phillies-Flowers\Front-End\PhilliesFlowersFront\src\test\resources
2017-12-09 10:47:35,163 [Worker-33] INFO  o.e.m.c.i.embedder.EclipseLogger - Using 'UTF-8' encoding to copy filtered resources.
2017-12-09 10:47:35,164 [Worker-33] INFO  o.e.m.c.i.embedder.EclipseLogger - Copying 0 resource
2017-12-09 10:47:35,165 [Worker-33] INFO  o.e.m.c.i.embedder.EclipseLogger - Copying 1 resource
2017-12-09 10:47:35,178 [Worker-33] INFO  o.e.m.c.i.embedder.EclipseLogger - Using 'UTF-8' encoding to copy filtered resources.
2017-12-09 10:47:35,178 [Worker-33] INFO  o.e.m.c.i.embedder.EclipseLogger - skip non existing resourceDirectory C:\Users\rober\Documents\GitHub\Phillies-Flowers\Front-End\PhilliesFlowersFront\src\test\resources
2017-12-09 10:47:51,680 [Worker-43] INFO  o.e.m.c.i.embedder.EclipseLogger - Using 'UTF-8' encoding to copy filtered resources.
2017-12-09 10:47:51,680 [Worker-43] INFO  o.e.m.c.i.embedder.EclipseLogger - Copying 0 resource
2017-12-09 10:47:51,696 [Worker-43] INFO  o.e.m.c.i.embedder.EclipseLogger - Copying 1 resource
2017-12-09 10:47:51,708 [Worker-43] INFO  o.e.m.c.i.embedder.EclipseLogger - Using 'UTF-8' encoding to copy filtered resources.
2017-12-09 10:47:51,715 [Worker-43] INFO  o.e.m.c.i.embedder.EclipseLogger - skip non existing resourceDirectory C:\Users\rober\Documents\GitHub\Phillies-Flowers\Front-End\PhilliesFlowersFront\src\test\resources
2017-12-09 10:48:30,453 [Worker-33] INFO  o.e.m.c.i.embedder.EclipseLogger - Using 'UTF-8' encoding to copy filtered resources.
2017-12-09 10:48:30,457 [Worker-33] INFO  o.e.m.c.i.embedder.EclipseLogger - Copying 0 resource
2017-12-09 10:48:30,461 [Worker-33] INFO  o.e.m.c.i.embedder.EclipseLogger - Copying 1 resource
2017-12-09 10:48:30,471 [Worker-33] INFO  o.e.m.c.i.embedder.EclipseLogger - Using 'UTF-8' encoding to copy filtered resources.
2017-12-09 10:48:30,472 [Worker-33] INFO  o.e.m.c.i.embedder.EclipseLogger - skip non existing resourceDirectory C:\Users\rober\Documents\GitHub\Phillies-Flowers\Front-End\PhilliesFlowersFront\src\test\resources
2017-12-09 10:49:21,389 [Worker-36] INFO  o.e.m.c.i.embedder.EclipseLogger - Using 'UTF-8' encoding to copy filtered resources.
2017-12-09 10:49:21,391 [Worker-36] INFO  o.e.m.c.i.embedder.EclipseLogger - Copying 1 resource
2017-12-09 10:49:21,398 [Worker-36] INFO  o.e.m.c.i.embedder.EclipseLogger - Copying 5 resources
2017-12-09 10:49:21,402 [Worker-36] INFO  o.e.m.c.i.embedder.EclipseLogger - Using 'UTF-8' encoding to copy filtered resources.
2017-12-09 10:49:21,449 [Worker-36] INFO  o.e.m.c.i.embedder.EclipseLogger - skip non existing resourceDirectory C:\Users\rober\Documents\GitHub\Phillies-Flowers\Front-End\PhilliesFlowersFront\src\test\resources
2017-12-09 10:49:42,799 [Worker-44] INFO  o.e.m.c.i.embedder.EclipseLogger - Using 'UTF-8' encoding to copy filtered resources.
2017-12-09 10:49:42,804 [Worker-44] INFO  o.e.m.c.i.embedder.EclipseLogger - Copying 1 resource
2017-12-09 10:49:42,812 [Worker-44] INFO  o.e.m.c.i.embedder.EclipseLogger - Copying 5 resources
2017-12-09 10:49:42,819 [Worker-44] INFO  o.e.m.c.i.embedder.EclipseLogger - Using 'UTF-8' encoding to copy filtered resources.
2017-12-09 10:49:42,819 [Worker-44] INFO  o.e.m.c.i.embedder.EclipseLogger - skip non existing resourceDirectory C:\Users\rober\Documents\GitHub\Phillies-Flowers\Front-End\PhilliesFlowersFront\src\test\resources
2017-12-09 10:50:04,062 [Worker-36] INFO  o.e.m.c.i.embedder.EclipseLogger - Using 'UTF-8' encoding to copy filtered resources.
2017-12-09 10:50:04,064 [Worker-36] INFO  o.e.m.c.i.embedder.EclipseLogger - Copying 1 resource
2017-12-09 10:50:04,072 [Worker-36] INFO  o.e.m.c.i.embedder.EclipseLogger - Copying 5 resources
2017-12-09 10:50:04,085 [Worker-36] INFO  o.e.m.c.i.embedder.EclipseLogger - Using 'UTF-8' encoding to copy filtered resources.
2017-12-09 10:50:04,091 [Worker-36] INFO  o.e.m.c.i.embedder.EclipseLogger - skip non existing resourceDirectory C:\Users\rober\Documents\GitHub\Phillies-Flowers\Front-End\PhilliesFlowersFront\src\test\resources
2017-12-09 10:50:49,833 [Worker-45] INFO  o.e.m.c.i.embedder.EclipseLogger - Using 'UTF-8' encoding to copy filtered resources.
2017-12-09 10:50:49,852 [Worker-45] INFO  o.e.m.c.i.embedder.EclipseLogger - Copying 1 resource
2017-12-09 10:50:49,864 [Worker-45] INFO  o.e.m.c.i.embedder.EclipseLogger - Copying 5 resources
2017-12-09 10:50:49,876 [Worker-45] INFO  o.e.m.c.i.embedder.EclipseLogger - Using 'UTF-8' encoding to copy filtered resources.
2017-12-09 10:50:49,876 [Worker-45] INFO  o.e.m.c.i.embedder.EclipseLogger - skip non existing resourceDirectory C:\Users\rober\Documents\GitHub\Phillies-Flowers\Front-End\PhilliesFlowersFront\src\test\resources
2017-12-09 10:51:07,734 [Worker-36] INFO  o.e.m.c.i.embedder.EclipseLogger - Using 'UTF-8' encoding to copy filtered resources.
2017-12-09 10:51:07,736 [Worker-36] INFO  o.e.m.c.i.embedder.EclipseLogger - Copying 1 resource
2017-12-09 10:51:07,754 [Worker-36] INFO  o.e.m.c.i.embedder.EclipseLogger - Copying 5 resources
2017-12-09 10:51:07,765 [Worker-36] INFO  o.e.m.c.i.embedder.EclipseLogger - Using 'UTF-8' encoding to copy filtered resources.
2017-12-09 10:51:07,769 [Worker-36] INFO  o.e.m.c.i.embedder.EclipseLogger - skip non existing resourceDirectory C:\Users\rober\Documents\GitHub\Phillies-Flowers\Front-End\PhilliesFlowersFront\src\test\resources
2017-12-09 10:51:53,910 [Worker-44] INFO  o.e.m.c.i.embedder.EclipseLogger - Using 'UTF-8' encoding to copy filtered resources.
2017-12-09 10:51:53,910 [Worker-44] INFO  o.e.m.c.i.embedder.EclipseLogger - Copying 0 resource
2017-12-09 10:51:53,911 [Worker-44] INFO  o.e.m.c.i.embedder.EclipseLogger - Copying 1 resource
2017-12-09 10:51:53,923 [Worker-44] INFO  o.e.m.c.i.embedder.EclipseLogger - Using 'UTF-8' encoding to copy filtered resources.
2017-12-09 10:51:53,923 [Worker-44] INFO  o.e.m.c.i.embedder.EclipseLogger - skip non existing resourceDirectory C:\Users\rober\Documents\GitHub\Phillies-Flowers\Front-End\PhilliesFlowersFront\src\test\resources
2017-12-09 10:52:27,383 [Worker-43] INFO  o.e.m.c.i.embedder.EclipseLogger - Using 'UTF-8' encoding to copy filtered resources.
2017-12-09 10:52:27,383 [Worker-43] INFO  o.e.m.c.i.embedder.EclipseLogger - Copying 0 resource
2017-12-09 10:52:27,388 [Worker-43] INFO  o.e.m.c.i.embedder.EclipseLogger - Copying 1 resource
2017-12-09 10:52:27,397 [Worker-43] INFO  o.e.m.c.i.embedder.EclipseLogger - Using 'UTF-8' encoding to copy filtered resources.
2017-12-09 10:52:27,401 [Worker-43] INFO  o.e.m.c.i.embedder.EclipseLogger - skip non existing resourceDirectory C:\Users\rober\Documents\GitHub\Phillies-Flowers\Front-End\PhilliesFlowersFront\src\test\resources
2017-12-09 10:53:33,195 [Worker-42] INFO  o.e.m.c.i.embedder.EclipseLogger - Using 'UTF-8' encoding to copy filtered resources.
2017-12-09 10:53:33,203 [Worker-42] INFO  o.e.m.c.i.embedder.EclipseLogger - Copying 1 resource
2017-12-09 10:53:33,217 [Worker-42] INFO  o.e.m.c.i.embedder.EclipseLogger - Copying 5 resources
2017-12-09 10:53:33,232 [Worker-42] INFO  o.e.m.c.i.embedder.EclipseLogger - Using 'UTF-8' encoding to copy filtered resources.
2017-12-09 10:53:33,233 [Worker-42] INFO  o.e.m.c.i.embedder.EclipseLogger - skip non existing resourceDirectory C:\Users\rober\Documents\GitHub\Phillies-Flowers\Front-End\PhilliesFlowersFront\src\test\resources
2017-12-09 10:54:48,782 [Worker-33] INFO  o.e.m.c.i.embedder.EclipseLogger - Using 'UTF-8' encoding to copy filtered resources.
2017-12-09 10:54:48,783 [Worker-33] INFO  o.e.m.c.i.embedder.EclipseLogger - Copying 1 resource
2017-12-09 10:54:48,786 [Worker-33] INFO  o.e.m.c.i.embedder.EclipseLogger - Copying 5 resources
2017-12-09 10:54:48,788 [Worker-33] INFO  o.e.m.c.i.embedder.EclipseLogger - Using 'UTF-8' encoding to copy filtered resources.
2017-12-09 10:54:48,796 [Worker-33] INFO  o.e.m.c.i.embedder.EclipseLogger - skip non existing resourceDirectory C:\Users\rober\Documents\GitHub\Phillies-Flowers\Front-End\PhilliesFlowersFront\src\test\resources
2017-12-09 10:56:28,871 [Worker-36] INFO  o.e.m.c.i.embedder.EclipseLogger - Using 'UTF-8' encoding to copy filtered resources.
2017-12-09 10:56:28,893 [Worker-36] INFO  o.e.m.c.i.embedder.EclipseLogger - Copying 1 resource
2017-12-09 10:56:28,907 [Worker-36] INFO  o.e.m.c.i.embedder.EclipseLogger - Copying 5 resources
2017-12-09 10:56:28,960 [Worker-36] INFO  o.e.m.c.i.embedder.EclipseLogger - Using 'UTF-8' encoding to copy filtered resources.
2017-12-09 10:56:28,961 [Worker-36] INFO  o.e.m.c.i.embedder.EclipseLogger - skip non existing resourceDirectory C:\Users\rober\Documents\GitHub\Phillies-Flowers\Front-End\PhilliesFlowersFront\src\test\resources
2017-12-09 10:56:32,427 [Worker-43] INFO  o.e.m.c.i.embedder.EclipseLogger - Using 'UTF-8' encoding to copy filtered resources.
2017-12-09 10:56:32,428 [Worker-43] INFO  o.e.m.c.i.embedder.EclipseLogger - Copying 1 resource
2017-12-09 10:56:32,436 [Worker-43] INFO  o.e.m.c.i.embedder.EclipseLogger - Copying 5 resources
2017-12-09 10:56:32,445 [Worker-43] INFO  o.e.m.c.i.embedder.EclipseLogger - Using 'UTF-8' encoding to copy filtered resources.
2017-12-09 10:56:32,451 [Worker-43] INFO  o.e.m.c.i.embedder.EclipseLogger - skip non existing resourceDirectory C:\Users\rober\Documents\GitHub\Phillies-Flowers\Front-End\PhilliesFlowersFront\src\test\resources
2017-12-09 10:56:52,350 [Worker-48] INFO  o.e.m.c.i.embedder.EclipseLogger - Using 'UTF-8' encoding to copy filtered resources.
2017-12-09 10:56:52,356 [Worker-48] INFO  o.e.m.c.i.embedder.EclipseLogger - Copying 1 resource
2017-12-09 10:56:52,364 [Worker-48] INFO  o.e.m.c.i.embedder.EclipseLogger - Copying 5 resources
2017-12-09 10:56:52,371 [Worker-48] INFO  o.e.m.c.i.embedder.EclipseLogger - Using 'UTF-8' encoding to copy filtered resources.
2017-12-09 10:56:52,371 [Worker-48] INFO  o.e.m.c.i.embedder.EclipseLogger - skip non existing resourceDirectory C:\Users\rober\Documents\GitHub\Phillies-Flowers\Front-End\PhilliesFlowersFront\src\test\resources
2017-12-09 10:57:36,626 [Worker-42] INFO  o.e.m.c.i.embedder.EclipseLogger - Using 'UTF-8' encoding to copy filtered resources.
2017-12-09 10:57:36,627 [Worker-42] INFO  o.e.m.c.i.embedder.EclipseLogger - Copying 1 resource
2017-12-09 10:57:36,630 [Worker-42] INFO  o.e.m.c.i.embedder.EclipseLogger - Copying 5 resources
2017-12-09 10:57:36,632 [Worker-42] INFO  o.e.m.c.i.embedder.EclipseLogger - Using 'UTF-8' encoding to copy filtered resources.
2017-12-09 10:57:36,632 [Worker-42] INFO  o.e.m.c.i.embedder.EclipseLogger - skip non existing resourceDirectory C:\Users\rober\Documents\GitHub\Phillies-Flowers\Front-End\PhilliesFlowersFront\src\test\resources
2017-12-09 10:57:51,101 [Worker-41] INFO  o.e.m.c.i.embedder.EclipseLogger - Using 'UTF-8' encoding to copy filtered resources.
2017-12-09 10:57:51,102 [Worker-41] INFO  o.e.m.c.i.embedder.EclipseLogger - Copying 1 resource
2017-12-09 10:57:51,106 [Worker-41] INFO  o.e.m.c.i.embedder.EclipseLogger - Copying 5 resources
2017-12-09 10:57:51,114 [Worker-41] INFO  o.e.m.c.i.embedder.EclipseLogger - Using 'UTF-8' encoding to copy filtered resources.
2017-12-09 10:57:51,115 [Worker-41] INFO  o.e.m.c.i.embedder.EclipseLogger - skip non existing resourceDirectory C:\Users\rober\Documents\GitHub\Phillies-Flowers\Front-End\PhilliesFlowersFront\src\test\resources
2017-12-09 10:59:40,497 [Worker-41] INFO  o.e.m.c.i.embedder.EclipseLogger - Using 'UTF-8' encoding to copy filtered resources.
2017-12-09 10:59:40,498 [Worker-41] INFO  o.e.m.c.i.embedder.EclipseLogger - Copying 1 resource
2017-12-09 10:59:40,509 [Worker-41] INFO  o.e.m.c.i.embedder.EclipseLogger - Copying 5 resources
2017-12-09 10:59:40,517 [Worker-41] INFO  o.e.m.c.i.embedder.EclipseLogger - Using 'UTF-8' encoding to copy filtered resources.
2017-12-09 10:59:40,523 [Worker-41] INFO  o.e.m.c.i.embedder.EclipseLogger - skip non existing resourceDirectory C:\Users\rober\Documents\GitHub\Phillies-Flowers\Front-End\PhilliesFlowersFront\src\test\resources
2017-12-09 11:00:08,191 [Worker-43] INFO  o.e.m.c.i.embedder.EclipseLogger - Using 'UTF-8' encoding to copy filtered resources.
2017-12-09 11:00:08,220 [Worker-43] INFO  o.e.m.c.i.embedder.EclipseLogger - Copying 1 resource
2017-12-09 11:00:08,239 [Worker-43] INFO  o.e.m.c.i.embedder.EclipseLogger - Copying 5 resources
2017-12-09 11:00:08,250 [Worker-43] INFO  o.e.m.c.i.embedder.EclipseLogger - Using 'UTF-8' encoding to copy filtered resources.
2017-12-09 11:00:08,250 [Worker-43] INFO  o.e.m.c.i.embedder.EclipseLogger - skip non existing resourceDirectory C:\Users\rober\Documents\GitHub\Phillies-Flowers\Front-End\PhilliesFlowersFront\src\test\resources
2017-12-09 11:00:19,981 [Worker-45] INFO  o.e.m.c.i.embedder.EclipseLogger - Using 'UTF-8' encoding to copy filtered resources.
2017-12-09 11:00:19,982 [Worker-45] INFO  o.e.m.c.i.embedder.EclipseLogger - Copying 1 resource
2017-12-09 11:00:19,987 [Worker-45] INFO  o.e.m.c.i.embedder.EclipseLogger - Copying 5 resources
2017-12-09 11:00:19,990 [Worker-45] INFO  o.e.m.c.i.embedder.EclipseLogger - Using 'UTF-8' encoding to copy filtered resources.
2017-12-09 11:00:20,002 [Worker-45] INFO  o.e.m.c.i.embedder.EclipseLogger - skip non existing resourceDirectory C:\Users\rober\Documents\GitHub\Phillies-Flowers\Front-End\PhilliesFlowersFront\src\test\resources
2017-12-09 11:00:28,369 [Worker-41] INFO  o.e.m.c.i.embedder.EclipseLogger - Using 'UTF-8' encoding to copy filtered resources.
2017-12-09 11:00:28,374 [Worker-41] INFO  o.e.m.c.i.embedder.EclipseLogger - Copying 1 resource
2017-12-09 11:00:28,382 [Worker-41] INFO  o.e.m.c.i.embedder.EclipseLogger - Copying 5 resources
2017-12-09 11:00:28,388 [Worker-41] INFO  o.e.m.c.i.embedder.EclipseLogger - Using 'UTF-8' encoding to copy filtered resources.
2017-12-09 11:00:28,388 [Worker-41] INFO  o.e.m.c.i.embedder.EclipseLogger - skip non existing resourceDirectory C:\Users\rober\Documents\GitHub\Phillies-Flowers\Front-End\PhilliesFlowersFront\src\test\resources
2017-12-09 11:06:36,377 [Worker-50] INFO  o.e.m.c.i.embedder.EclipseLogger - Using 'UTF-8' encoding to copy filtered resources.
2017-12-09 11:06:36,379 [Worker-50] INFO  o.e.m.c.i.embedder.EclipseLogger - Copying 1 resource
2017-12-09 11:06:36,408 [Worker-50] INFO  o.e.m.c.i.embedder.EclipseLogger - Copying 5 resources
2017-12-09 11:06:36,418 [Worker-50] INFO  o.e.m.c.i.embedder.EclipseLogger - Using 'UTF-8' encoding to copy filtered resources.
2017-12-09 11:06:36,425 [Worker-50] INFO  o.e.m.c.i.embedder.EclipseLogger - skip non existing resourceDirectory C:\Users\rober\Documents\GitHub\Phillies-Flowers\Front-End\PhilliesFlowersFront\src\test\resources
2017-12-09 11:07:18,663 [Worker-50] INFO  o.e.m.c.i.embedder.EclipseLogger - Using 'UTF-8' encoding to copy filtered resources.
2017-12-09 11:07:18,672 [Worker-50] INFO  o.e.m.c.i.embedder.EclipseLogger - Copying 1 resource
2017-12-09 11:07:18,752 [Worker-50] INFO  o.e.m.c.i.embedder.EclipseLogger - Copying 5 resources
2017-12-09 11:07:18,760 [Worker-50] INFO  o.e.m.c.i.embedder.EclipseLogger - Using 'UTF-8' encoding to copy filtered resources.
2017-12-09 11:07:18,760 [Worker-50] INFO  o.e.m.c.i.embedder.EclipseLogger - skip non existing resourceDirectory C:\Users\rober\Documents\GitHub\Phillies-Flowers\Front-End\PhilliesFlowersFront\src\test\resources
2017-12-09 11:07:29,208 [Worker-49] INFO  o.e.m.c.i.embedder.EclipseLogger - Using 'UTF-8' encoding to copy filtered resources.
2017-12-09 11:07:29,210 [Worker-49] INFO  o.e.m.c.i.embedder.EclipseLogger - Copying 1 resource
2017-12-09 11:07:29,214 [Worker-49] INFO  o.e.m.c.i.embedder.EclipseLogger - Copying 5 resources
2017-12-09 11:07:29,217 [Worker-49] INFO  o.e.m.c.i.embedder.EclipseLogger - Using 'UTF-8' encoding to copy filtered resources.
2017-12-09 11:07:29,217 [Worker-49] INFO  o.e.m.c.i.embedder.EclipseLogger - skip non existing resourceDirectory C:\Users\rober\Documents\GitHub\Phillies-Flowers\Front-End\PhilliesFlowersFront\src\test\resources
2017-12-09 11:07:38,731 [Worker-50] INFO  o.e.m.c.i.embedder.EclipseLogger - Using 'UTF-8' encoding to copy filtered resources.
2017-12-09 11:07:38,732 [Worker-50] INFO  o.e.m.c.i.embedder.EclipseLogger - Copying 1 resource
2017-12-09 11:07:38,736 [Worker-50] INFO  o.e.m.c.i.embedder.EclipseLogger - Copying 5 resources
2017-12-09 11:07:38,743 [Worker-50] INFO  o.e.m.c.i.embedder.EclipseLogger - Using 'UTF-8' encoding to copy filtered resources.
2017-12-09 11:07:38,743 [Worker-50] INFO  o.e.m.c.i.embedder.EclipseLogger - skip non existing resourceDirectory C:\Users\rober\Documents\GitHub\Phillies-Flowers\Front-End\PhilliesFlowersFront\src\test\resources
2017-12-09 11:07:48,724 [Worker-52] INFO  o.e.m.c.i.embedder.EclipseLogger - Using 'UTF-8' encoding to copy filtered resources.
2017-12-09 11:07:48,725 [Worker-52] INFO  o.e.m.c.i.embedder.EclipseLogger - Copying 1 resource
2017-12-09 11:07:48,732 [Worker-52] INFO  o.e.m.c.i.embedder.EclipseLogger - Copying 5 resources
2017-12-09 11:07:48,737 [Worker-52] INFO  o.e.m.c.i.embedder.EclipseLogger - Using 'UTF-8' encoding to copy filtered resources.
2017-12-09 11:07:48,743 [Worker-52] INFO  o.e.m.c.i.embedder.EclipseLogger - skip non existing resourceDirectory C:\Users\rober\Documents\GitHub\Phillies-Flowers\Front-End\PhilliesFlowersFront\src\test\resources
2017-12-09 11:07:54,297 [Worker-50] INFO  o.e.m.c.i.embedder.EclipseLogger - Using 'UTF-8' encoding to copy filtered resources.
2017-12-09 11:07:54,302 [Worker-50] INFO  o.e.m.c.i.embedder.EclipseLogger - Copying 1 resource
2017-12-09 11:07:54,310 [Worker-50] INFO  o.e.m.c.i.embedder.EclipseLogger - Copying 5 resources
2017-12-09 11:07:54,317 [Worker-50] INFO  o.e.m.c.i.embedder.EclipseLogger - Using 'UTF-8' encoding to copy filtered resources.
2017-12-09 11:07:54,318 [Worker-50] INFO  o.e.m.c.i.embedder.EclipseLogger - skip non existing resourceDirectory C:\Users\rober\Documents\GitHub\Phillies-Flowers\Front-End\PhilliesFlowersFront\src\test\resources
2017-12-09 11:08:59,707 [Worker-52] INFO  o.e.m.c.i.embedder.EclipseLogger - Using 'UTF-8' encoding to copy filtered resources.
2017-12-09 11:08:59,708 [Worker-52] INFO  o.e.m.c.i.embedder.EclipseLogger - Copying 1 resource
2017-12-09 11:08:59,711 [Worker-52] INFO  o.e.m.c.i.embedder.EclipseLogger - Copying 5 resources
2017-12-09 11:08:59,712 [Worker-52] INFO  o.e.m.c.i.embedder.EclipseLogger - Using 'UTF-8' encoding to copy filtered resources.
2017-12-09 11:08:59,717 [Worker-52] INFO  o.e.m.c.i.embedder.EclipseLogger - skip non existing resourceDirectory C:\Users\rober\Documents\GitHub\Phillies-Flowers\Front-End\PhilliesFlowersFront\src\test\resources
2017-12-09 11:09:28,639 [Worker-51] INFO  o.e.m.c.i.embedder.EclipseLogger - Using 'UTF-8' encoding to copy filtered resources.
2017-12-09 11:09:28,643 [Worker-51] INFO  o.e.m.c.i.embedder.EclipseLogger - Copying 1 resource
2017-12-09 11:09:28,650 [Worker-51] INFO  o.e.m.c.i.embedder.EclipseLogger - Copying 5 resources
2017-12-09 11:09:28,657 [Worker-51] INFO  o.e.m.c.i.embedder.EclipseLogger - Using 'UTF-8' encoding to copy filtered resources.
2017-12-09 11:09:28,657 [Worker-51] INFO  o.e.m.c.i.embedder.EclipseLogger - skip non existing resourceDirectory C:\Users\rober\Documents\GitHub\Phillies-Flowers\Front-End\PhilliesFlowersFront\src\test\resources
2017-12-09 11:09:44,289 [Worker-49] INFO  o.e.m.c.i.embedder.EclipseLogger - Using 'UTF-8' encoding to copy filtered resources.
2017-12-09 11:09:44,290 [Worker-49] INFO  o.e.m.c.i.embedder.EclipseLogger - Copying 1 resource
2017-12-09 11:09:44,300 [Worker-49] INFO  o.e.m.c.i.embedder.EclipseLogger - Copying 5 resources
2017-12-09 11:09:44,307 [Worker-49] INFO  o.e.m.c.i.embedder.EclipseLogger - Using 'UTF-8' encoding to copy filtered resources.
2017-12-09 11:09:44,315 [Worker-49] INFO  o.e.m.c.i.embedder.EclipseLogger - skip non existing resourceDirectory C:\Users\rober\Documents\GitHub\Phillies-Flowers\Front-End\PhilliesFlowersFront\src\test\resources
2017-12-09 11:11:20,894 [Worker-54] INFO  o.e.m.c.i.embedder.EclipseLogger - Using 'UTF-8' encoding to copy filtered resources.
2017-12-09 11:11:20,900 [Worker-54] INFO  o.e.m.c.i.embedder.EclipseLogger - Copying 1 resource
2017-12-09 11:11:20,908 [Worker-54] INFO  o.e.m.c.i.embedder.EclipseLogger - Copying 5 resources
2017-12-09 11:11:20,914 [Worker-54] INFO  o.e.m.c.i.embedder.EclipseLogger - Using 'UTF-8' encoding to copy filtered resources.
2017-12-09 11:11:20,915 [Worker-54] INFO  o.e.m.c.i.embedder.EclipseLogger - skip non existing resourceDirectory C:\Users\rober\Documents\GitHub\Phillies-Flowers\Front-End\PhilliesFlowersFront\src\test\resources
2017-12-09 11:12:34,789 [Worker-51] INFO  o.e.m.c.i.embedder.EclipseLogger - Using 'UTF-8' encoding to copy filtered resources.
2017-12-09 11:12:34,802 [Worker-51] INFO  o.e.m.c.i.embedder.EclipseLogger - Copying 1 resource
2017-12-09 11:12:34,805 [Worker-51] INFO  o.e.m.c.i.embedder.EclipseLogger - Copying 5 resources
2017-12-09 11:12:34,807 [Worker-51] INFO  o.e.m.c.i.embedder.EclipseLogger - Using 'UTF-8' encoding to copy filtered resources.
2017-12-09 11:12:34,807 [Worker-51] INFO  o.e.m.c.i.embedder.EclipseLogger - skip non existing resourceDirectory C:\Users\rober\Documents\GitHub\Phillies-Flowers\Front-End\PhilliesFlowersFront\src\test\resources
2017-12-09 11:13:08,012 [Worker-53] INFO  o.e.m.c.i.embedder.EclipseLogger - Using 'UTF-8' encoding to copy filtered resources.
2017-12-09 11:13:08,013 [Worker-53] INFO  o.e.m.c.i.embedder.EclipseLogger - Copying 1 resource
2017-12-09 11:13:08,017 [Worker-53] INFO  o.e.m.c.i.embedder.EclipseLogger - Copying 5 resources
2017-12-09 11:13:08,028 [Worker-53] INFO  o.e.m.c.i.embedder.EclipseLogger - Using 'UTF-8' encoding to copy filtered resources.
2017-12-09 11:13:08,028 [Worker-53] INFO  o.e.m.c.i.embedder.EclipseLogger - skip non existing resourceDirectory C:\Users\rober\Documents\GitHub\Phillies-Flowers\Front-End\PhilliesFlowersFront\src\test\resources
2017-12-09 11:14:41,533 [Worker-49] INFO  o.e.m.c.i.embedder.EclipseLogger - Using 'UTF-8' encoding to copy filtered resources.
2017-12-09 11:14:41,535 [Worker-49] INFO  o.e.m.c.i.embedder.EclipseLogger - Copying 1 resource
2017-12-09 11:14:41,544 [Worker-49] INFO  o.e.m.c.i.embedder.EclipseLogger - Copying 5 resources
2017-12-09 11:14:41,556 [Worker-49] INFO  o.e.m.c.i.embedder.EclipseLogger - Using 'UTF-8' encoding to copy filtered resources.
2017-12-09 11:14:41,563 [Worker-49] INFO  o.e.m.c.i.embedder.EclipseLogger - skip non existing resourceDirectory C:\Users\rober\Documents\GitHub\Phillies-Flowers\Front-End\PhilliesFlowersFront\src\test\resources
2017-12-09 11:15:15,284 [Worker-49] INFO  o.e.m.c.i.embedder.EclipseLogger - Using 'UTF-8' encoding to copy filtered resources.
2017-12-09 11:15:15,368 [Worker-49] INFO  o.e.m.c.i.embedder.EclipseLogger - Copying 1 resource
2017-12-09 11:15:15,416 [Worker-49] INFO  o.e.m.c.i.embedder.EclipseLogger - Copying 5 resources
2017-12-09 11:15:15,459 [Worker-49] INFO  o.e.m.c.i.embedder.EclipseLogger - Using 'UTF-8' encoding to copy filtered resources.
2017-12-09 11:15:15,459 [Worker-49] INFO  o.e.m.c.i.embedder.EclipseLogger - skip non existing resourceDirectory C:\Users\rober\Documents\GitHub\Phillies-Flowers\Front-End\PhilliesFlowersFront\src\test\resources
2017-12-09 11:15:41,125 [Worker-54] INFO  o.e.m.c.i.embedder.EclipseLogger - Using 'UTF-8' encoding to copy filtered resources.
2017-12-09 11:15:41,125 [Worker-54] INFO  o.e.m.c.i.embedder.EclipseLogger - Copying 0 resource
2017-12-09 11:15:41,126 [Worker-54] INFO  o.e.m.c.i.embedder.EclipseLogger - Copying 1 resource
2017-12-09 11:15:41,131 [Worker-54] INFO  o.e.m.c.i.embedder.EclipseLogger - Using 'UTF-8' encoding to copy filtered resources.
2017-12-09 11:15:41,136 [Worker-54] INFO  o.e.m.c.i.embedder.EclipseLogger - skip non existing resourceDirectory C:\Users\rober\Documents\GitHub\Phillies-Flowers\Front-End\PhilliesFlowersFront\src\test\resources
2017-12-09 11:16:09,024 [Worker-54] INFO  o.e.m.c.i.embedder.EclipseLogger - Using 'UTF-8' encoding to copy filtered resources.
2017-12-09 11:16:09,030 [Worker-54] INFO  o.e.m.c.i.embedder.EclipseLogger - Copying 1 resource
2017-12-09 11:16:09,038 [Worker-54] INFO  o.e.m.c.i.embedder.EclipseLogger - Copying 5 resources
2017-12-09 11:16:09,045 [Worker-54] INFO  o.e.m.c.i.embedder.EclipseLogger - Using 'UTF-8' encoding to copy filtered resources.
2017-12-09 11:16:09,045 [Worker-54] INFO  o.e.m.c.i.embedder.EclipseLogger - skip non existing resourceDirectory C:\Users\rober\Documents\GitHub\Phillies-Flowers\Front-End\PhilliesFlowersFront\src\test\resources
2017-12-09 11:17:18,149 [Worker-48] INFO  o.e.m.c.i.embedder.EclipseLogger - Using 'UTF-8' encoding to copy filtered resources.
2017-12-09 11:17:18,150 [Worker-48] INFO  o.e.m.c.i.embedder.EclipseLogger - Copying 1 resource
2017-12-09 11:17:18,165 [Worker-48] INFO  o.e.m.c.i.embedder.EclipseLogger - Copying 5 resources
2017-12-09 11:17:18,175 [Worker-48] INFO  o.e.m.c.i.embedder.EclipseLogger - Using 'UTF-8' encoding to copy filtered resources.
2017-12-09 11:17:18,182 [Worker-48] INFO  o.e.m.c.i.embedder.EclipseLogger - skip non existing resourceDirectory C:\Users\rober\Documents\GitHub\Phillies-Flowers\Front-End\PhilliesFlowersFront\src\test\resources
2017-12-09 11:17:56,033 [Worker-33] INFO  o.e.m.c.i.embedder.EclipseLogger - Using 'UTF-8' encoding to copy filtered resources.
2017-12-09 11:17:56,038 [Worker-33] INFO  o.e.m.c.i.embedder.EclipseLogger - Copying 1 resource
2017-12-09 11:17:56,046 [Worker-33] INFO  o.e.m.c.i.embedder.EclipseLogger - Copying 5 resources
2017-12-09 11:17:56,053 [Worker-33] INFO  o.e.m.c.i.embedder.EclipseLogger - Using 'UTF-8' encoding to copy filtered resources.
2017-12-09 11:17:56,053 [Worker-33] INFO  o.e.m.c.i.embedder.EclipseLogger - skip non existing resourceDirectory C:\Users\rober\Documents\GitHub\Phillies-Flowers\Front-End\PhilliesFlowersFront\src\test\resources
2017-12-09 11:18:03,851 [Worker-50] INFO  o.e.m.c.i.embedder.EclipseLogger - Using 'UTF-8' encoding to copy filtered resources.
2017-12-09 11:18:03,851 [Worker-50] INFO  o.e.m.c.i.embedder.EclipseLogger - Copying 1 resource
2017-12-09 11:18:03,856 [Worker-50] INFO  o.e.m.c.i.embedder.EclipseLogger - Copying 5 resources
2017-12-09 11:18:03,859 [Worker-50] INFO  o.e.m.c.i.embedder.EclipseLogger - Using 'UTF-8' encoding to copy filtered resources.
2017-12-09 11:18:03,859 [Worker-50] INFO  o.e.m.c.i.embedder.EclipseLogger - skip non existing resourceDirectory C:\Users\rober\Documents\GitHub\Phillies-Flowers\Front-End\PhilliesFlowersFront\src\test\resources
2017-12-09 11:18:07,353 [Worker-56] INFO  o.e.m.c.i.embedder.EclipseLogger - Using 'UTF-8' encoding to copy filtered resources.
2017-12-09 11:18:07,353 [Worker-56] INFO  o.e.m.c.i.embedder.EclipseLogger - Copying 1 resource
2017-12-09 11:18:07,357 [Worker-56] INFO  o.e.m.c.i.embedder.EclipseLogger - Copying 5 resources
2017-12-09 11:18:07,364 [Worker-56] INFO  o.e.m.c.i.embedder.EclipseLogger - Using 'UTF-8' encoding to copy filtered resources.
2017-12-09 11:18:07,364 [Worker-56] INFO  o.e.m.c.i.embedder.EclipseLogger - skip non existing resourceDirectory C:\Users\rober\Documents\GitHub\Phillies-Flowers\Front-End\PhilliesFlowersFront\src\test\resources
2017-12-09 11:19:30,905 [Worker-54] INFO  o.e.m.c.i.embedder.EclipseLogger - Using 'UTF-8' encoding to copy filtered resources.
2017-12-09 11:19:30,906 [Worker-54] INFO  o.e.m.c.i.embedder.EclipseLogger - Copying 0 resource
2017-12-09 11:19:30,910 [Worker-54] INFO  o.e.m.c.i.embedder.EclipseLogger - Copying 1 resource
2017-12-09 11:19:30,919 [Worker-54] INFO  o.e.m.c.i.embedder.EclipseLogger - Using 'UTF-8' encoding to copy filtered resources.
2017-12-09 11:19:30,924 [Worker-54] INFO  o.e.m.c.i.embedder.EclipseLogger - skip non existing resourceDirectory C:\Users\rober\Documents\GitHub\Phillies-Flowers\Front-End\PhilliesFlowersFront\src\test\resources
2017-12-09 11:20:48,813 [Worker-50] INFO  o.e.m.c.i.embedder.EclipseLogger - Using 'UTF-8' encoding to copy filtered resources.
2017-12-09 11:20:48,820 [Worker-50] INFO  o.e.m.c.i.embedder.EclipseLogger - Copying 1 resource
2017-12-09 11:20:48,841 [Worker-50] INFO  o.e.m.c.i.embedder.EclipseLogger - Copying 5 resources
2017-12-09 11:20:48,848 [Worker-50] INFO  o.e.m.c.i.embedder.EclipseLogger - Using 'UTF-8' encoding to copy filtered resources.
2017-12-09 11:20:48,848 [Worker-50] INFO  o.e.m.c.i.embedder.EclipseLogger - skip non existing resourceDirectory C:\Users\rober\Documents\GitHub\Phillies-Flowers\Front-End\PhilliesFlowersFront\src\test\resources
2017-12-09 11:21:20,309 [Worker-48] INFO  o.e.m.c.i.embedder.EclipseLogger - Using 'UTF-8' encoding to copy filtered resources.
2017-12-09 11:21:20,311 [Worker-48] INFO  o.e.m.c.i.embedder.EclipseLogger - Copying 1 resource
2017-12-09 11:21:20,316 [Worker-48] INFO  o.e.m.c.i.embedder.EclipseLogger - Copying 5 resources
2017-12-09 11:21:20,319 [Worker-48] INFO  o.e.m.c.i.embedder.EclipseLogger - Using 'UTF-8' encoding to copy filtered resources.
2017-12-09 11:21:20,326 [Worker-48] INFO  o.e.m.c.i.embedder.EclipseLogger - skip non existing resourceDirectory C:\Users\rober\Documents\GitHub\Phillies-Flowers\Front-End\PhilliesFlowersFront\src\test\resources
2017-12-09 11:21:45,737 [Worker-52] INFO  o.e.m.c.i.embedder.EclipseLogger - Using 'UTF-8' encoding to copy filtered resources.
2017-12-09 11:21:45,742 [Worker-52] INFO  o.e.m.c.i.embedder.EclipseLogger - Copying 1 resource
2017-12-09 11:21:45,750 [Worker-52] INFO  o.e.m.c.i.embedder.EclipseLogger - Copying 5 resources
2017-12-09 11:21:45,757 [Worker-52] INFO  o.e.m.c.i.embedder.EclipseLogger - Using 'UTF-8' encoding to copy filtered resources.
2017-12-09 11:21:45,757 [Worker-52] INFO  o.e.m.c.i.embedder.EclipseLogger - skip non existing resourceDirectory C:\Users\rober\Documents\GitHub\Phillies-Flowers\Front-End\PhilliesFlowersFront\src\test\resources
2017-12-09 11:22:01,774 [Worker-50] INFO  o.e.m.c.i.embedder.EclipseLogger - Using 'UTF-8' encoding to copy filtered resources.
2017-12-09 11:22:01,775 [Worker-50] INFO  o.e.m.c.i.embedder.EclipseLogger - Copying 1 resource
2017-12-09 11:22:01,789 [Worker-50] INFO  o.e.m.c.i.embedder.EclipseLogger - Copying 5 resources
2017-12-09 11:22:01,802 [Worker-50] INFO  o.e.m.c.i.embedder.EclipseLogger - Using 'UTF-8' encoding to copy filtered resources.
2017-12-09 11:22:01,810 [Worker-50] INFO  o.e.m.c.i.embedder.EclipseLogger - skip non existing resourceDirectory C:\Users\rober\Documents\GitHub\Phillies-Flowers\Front-End\PhilliesFlowersFront\src\test\resources
2017-12-09 11:22:16,105 [Worker-56] INFO  o.e.m.c.i.embedder.EclipseLogger - Using 'UTF-8' encoding to copy filtered resources.
2017-12-09 11:22:16,110 [Worker-56] INFO  o.e.m.c.i.embedder.EclipseLogger - Copying 1 resource
2017-12-09 11:22:16,162 [Worker-56] INFO  o.e.m.c.i.embedder.EclipseLogger - Copying 5 resources
2017-12-09 11:22:16,178 [Worker-56] INFO  o.e.m.c.i.embedder.EclipseLogger - Using 'UTF-8' encoding to copy filtered resources.
2017-12-09 11:22:16,178 [Worker-56] INFO  o.e.m.c.i.embedder.EclipseLogger - skip non existing resourceDirectory C:\Users\rober\Documents\GitHub\Phillies-Flowers\Front-End\PhilliesFlowersFront\src\test\resources
2017-12-09 11:24:15,807 [Worker-56] INFO  o.e.m.c.i.embedder.EclipseLogger - Using 'UTF-8' encoding to copy filtered resources.
2017-12-09 11:24:15,808 [Worker-56] INFO  o.e.m.c.i.embedder.EclipseLogger - Copying 1 resource
2017-12-09 11:24:15,812 [Worker-56] INFO  o.e.m.c.i.embedder.EclipseLogger - Copying 5 resources
2017-12-09 11:24:15,814 [Worker-56] INFO  o.e.m.c.i.embedder.EclipseLogger - Using 'UTF-8' encoding to copy filtered resources.
2017-12-09 11:24:15,815 [Worker-56] INFO  o.e.m.c.i.embedder.EclipseLogger - skip non existing resourceDirectory C:\Users\rober\Documents\GitHub\Phillies-Flowers\Front-End\PhilliesFlowersFront\src\test\resources
2017-12-09 11:24:28,748 [Worker-53] INFO  o.e.m.c.i.embedder.EclipseLogger - Using 'UTF-8' encoding to copy filtered resources.
2017-12-09 11:24:28,749 [Worker-53] INFO  o.e.m.c.i.embedder.EclipseLogger - Copying 1 resource
2017-12-09 11:24:28,752 [Worker-53] INFO  o.e.m.c.i.embedder.EclipseLogger - Copying 5 resources
2017-12-09 11:24:28,758 [Worker-53] INFO  o.e.m.c.i.embedder.EclipseLogger - Using 'UTF-8' encoding to copy filtered resources.
2017-12-09 11:24:28,758 [Worker-53] INFO  o.e.m.c.i.embedder.EclipseLogger - skip non existing resourceDirectory C:\Users\rober\Documents\GitHub\Phillies-Flowers\Front-End\PhilliesFlowersFront\src\test\resources
2017-12-09 11:25:00,955 [Worker-33] INFO  o.e.m.c.i.embedder.EclipseLogger - Using 'UTF-8' encoding to copy filtered resources.
2017-12-09 11:25:00,955 [Worker-33] INFO  o.e.m.c.i.embedder.EclipseLogger - Copying 0 resource
2017-12-09 11:25:00,959 [Worker-33] INFO  o.e.m.c.i.embedder.EclipseLogger - Copying 1 resource
2017-12-09 11:25:00,968 [Worker-33] INFO  o.e.m.c.i.embedder.EclipseLogger - Using 'UTF-8' encoding to copy filtered resources.
2017-12-09 11:25:00,973 [Worker-33] INFO  o.e.m.c.i.embedder.EclipseLogger - skip non existing resourceDirectory C:\Users\rober\Documents\GitHub\Phillies-Flowers\Front-End\PhilliesFlowersFront\src\test\resources
2017-12-09 11:26:40,133 [Worker-52] INFO  o.e.m.c.i.embedder.EclipseLogger - Using 'UTF-8' encoding to copy filtered resources.
2017-12-09 11:26:40,143 [Worker-52] INFO  o.e.m.c.i.embedder.EclipseLogger - Copying 0 resource
2017-12-09 11:26:40,152 [Worker-52] INFO  o.e.m.c.i.embedder.EclipseLogger - Copying 1 resource
2017-12-09 11:26:40,161 [Worker-52] INFO  o.e.m.c.i.embedder.EclipseLogger - Using 'UTF-8' encoding to copy filtered resources.
2017-12-09 11:26:40,161 [Worker-52] INFO  o.e.m.c.i.embedder.EclipseLogger - skip non existing resourceDirectory C:\Users\rober\Documents\GitHub\Phillies-Flowers\Front-End\PhilliesFlowersFront\src\test\resources
2017-12-09 11:28:23,559 [Worker-54] INFO  o.e.m.c.i.embedder.EclipseLogger - Using 'UTF-8' encoding to copy filtered resources.
2017-12-09 11:28:23,560 [Worker-54] INFO  o.e.m.c.i.embedder.EclipseLogger - Copying 0 resource
2017-12-09 11:28:23,560 [Worker-54] INFO  o.e.m.c.i.embedder.EclipseLogger - Copying 1 resource
2017-12-09 11:28:23,564 [Worker-54] INFO  o.e.m.c.i.embedder.EclipseLogger - Using 'UTF-8' encoding to copy filtered resources.
2017-12-09 11:28:23,570 [Worker-54] INFO  o.e.m.c.i.embedder.EclipseLogger - skip non existing resourceDirectory C:\Users\rober\Documents\GitHub\Phillies-Flowers\Front-End\PhilliesFlowersFront\src\test\resources
2017-12-09 11:29:26,520 [Worker-53] INFO  o.e.m.c.i.embedder.EclipseLogger - Using 'UTF-8' encoding to copy filtered resources.
2017-12-09 11:29:26,524 [Worker-53] INFO  o.e.m.c.i.embedder.EclipseLogger - Copying 0 resource
2017-12-09 11:29:26,528 [Worker-53] INFO  o.e.m.c.i.embedder.EclipseLogger - Copying 1 resource
2017-12-09 11:29:26,551 [Worker-53] INFO  o.e.m.c.i.embedder.EclipseLogger - Using 'UTF-8' encoding to copy filtered resources.
2017-12-09 11:29:26,551 [Worker-53] INFO  o.e.m.c.i.embedder.EclipseLogger - skip non existing resourceDirectory C:\Users\rober\Documents\GitHub\Phillies-Flowers\Front-End\PhilliesFlowersFront\src\test\resources
